Running Test 1805241519 tests/crowd-h1805EF-24-1519.txt ...
---- Test 1805241519 ----
Expected Output:
George is located at: top left pixel   24, bottom right pixel 1519.
Program Output:
George is located at: top left pixel   24, bottom right pixel 1519.
Test 1805241519 passed! Output matches the expected test output.
Running Test 48006311523427 tests/crowd-h4800D63-1152-3427.txt ...
---- Test 48006311523427 ----
Expected Output:
George is located at: top left pixel 1152, bottom right pixel 3427.
Program Output:
George is located at: top left pixel 1152, bottom right pixel 3427.
Test 48006311523427 passed! Output matches the expected test output.
Running Test 420912342729 tests/crowd-h4D20AA9-1234-2729.txt ...
---- Test 420912342729 ----
Expected Output:
George is located at: top left pixel 1234, bottom right pixel 2729.
Program Output:
George is located at: top left pixel 1234, bottom right pixel 2729.
Test 420912342729 passed! Output matches the expected test output.
Running Test 303227942 tests/crowd-hE303AE-227-942.txt ...
---- Test 303227942 ----
Expected Output:
George is located at: top left pixel  227, bottom right pixel  942.
Program Output:
George is located at: top left pixel  227, bottom right pixel  942.
Test 303227942 passed! Output matches the expected test output.
These tests do not represent the complete set of tests that will be run to grade your code.
